0 info it worked if it ends with ok
1 verbose cli [ '/Users/nring/.nvm/versions/node/v4.4.7/bin/node',
1 verbose cli   '/Users/nring/.nvm/versions/node/v4.4.7/bin/npm',
1 verbose cli   'install',
1 verbose cli   'basicmodal',
1 verbose cli   '--save-dev' ]
2 info using npm@2.15.8
3 info using node@v4.4.7
4 verbose install initial load of /Users/nring/Projects/wedding/gloriaandnat.com/package.json
5 verbose installManyTop reading scoped package data from /Users/nring/Projects/wedding/gloriaandnat.com/node_modules/ansi-regex/package.json
6 verbose installManyTop reading scoped package data from /Users/nring/Projects/wedding/gloriaandnat.com/node_modules/ansi-styles/package.json
7 verbose installManyTop reading scoped package data from /Users/nring/Projects/wedding/gloriaandnat.com/node_modules/asap/package.json
8 verbose installManyTop reading scoped package data from /Users/nring/Projects/wedding/gloriaandnat.com/node_modules/babel-code-frame/package.json
9 verbose installManyTop reading scoped package data from /Users/nring/Projects/wedding/gloriaandnat.com/node_modules/babel-core/package.json
10 verbose installManyTop reading scoped package data from /Users/nring/Projects/wedding/gloriaandnat.com/node_modules/babel-generator/package.json
11 verbose installManyTop reading scoped package data from /Users/nring/Projects/wedding/gloriaandnat.com/node_modules/babel-helpers/package.json
12 verbose installManyTop reading scoped package data from /Users/nring/Projects/wedding/gloriaandnat.com/node_modules/babel-messages/package.json
13 verbose installManyTop reading scoped package data from /Users/nring/Projects/wedding/gloriaandnat.com/node_modules/babel-register/package.json
14 verbose installManyTop reading scoped package data from /Users/nring/Projects/wedding/gloriaandnat.com/node_modules/babel-runtime/package.json
15 verbose installManyTop reading scoped package data from /Users/nring/Projects/wedding/gloriaandnat.com/node_modules/babel-template/package.json
16 verbose installManyTop reading scoped package data from /Users/nring/Projects/wedding/gloriaandnat.com/node_modules/babel-traverse/package.json
17 verbose installManyTop reading scoped package data from /Users/nring/Projects/wedding/gloriaandnat.com/node_modules/babel-types/package.json
18 verbose installManyTop reading scoped package data from /Users/nring/Projects/wedding/gloriaandnat.com/node_modules/babylon/package.json
19 verbose installManyTop reading scoped package data from /Users/nring/Projects/wedding/gloriaandnat.com/node_modules/balanced-match/package.json
20 verbose installManyTop reading scoped package data from /Users/nring/Projects/wedding/gloriaandnat.com/node_modules/brace-expansion/package.json
21 verbose installManyTop reading scoped package data from /Users/nring/Projects/wedding/gloriaandnat.com/node_modules/chalk/package.json
22 verbose installManyTop reading scoped package data from /Users/nring/Projects/wedding/gloriaandnat.com/node_modules/concat-map/package.json
23 verbose installManyTop reading scoped package data from /Users/nring/Projects/wedding/gloriaandnat.com/node_modules/convert-source-map/package.json
24 verbose installManyTop reading scoped package data from /Users/nring/Projects/wedding/gloriaandnat.com/node_modules/core-js/package.json
25 verbose installManyTop reading scoped package data from /Users/nring/Projects/wedding/gloriaandnat.com/node_modules/css-vendor/package.json
26 verbose installManyTop reading scoped package data from /Users/nring/Projects/wedding/gloriaandnat.com/node_modules/debug/package.json
27 verbose installManyTop reading scoped package data from /Users/nring/Projects/wedding/gloriaandnat.com/node_modules/detect-indent/package.json
28 verbose installManyTop reading scoped package data from /Users/nring/Projects/wedding/gloriaandnat.com/node_modules/encoding/package.json
29 verbose installManyTop reading scoped package data from /Users/nring/Projects/wedding/gloriaandnat.com/node_modules/escape-string-regexp/package.json
30 verbose installManyTop reading scoped package data from /Users/nring/Projects/wedding/gloriaandnat.com/node_modules/esutils/package.json
31 verbose installManyTop reading scoped package data from /Users/nring/Projects/wedding/gloriaandnat.com/node_modules/fbjs/package.json
32 verbose installManyTop reading scoped package data from /Users/nring/Projects/wedding/gloriaandnat.com/node_modules/fsevents/package.json
33 verbose installManyTop reading scoped package data from /Users/nring/Projects/wedding/gloriaandnat.com/node_modules/gh-pages/package.json
34 verbose installManyTop reading scoped package data from /Users/nring/Projects/wedding/gloriaandnat.com/node_modules/globals/package.json
35 verbose installManyTop reading scoped package data from /Users/nring/Projects/wedding/gloriaandnat.com/node_modules/has-ansi/package.json
36 verbose installManyTop reading scoped package data from /Users/nring/Projects/wedding/gloriaandnat.com/node_modules/history/package.json
37 verbose installManyTop reading scoped package data from /Users/nring/Projects/wedding/gloriaandnat.com/node_modules/hoist-non-react-statics/package.json
38 verbose installManyTop reading scoped package data from /Users/nring/Projects/wedding/gloriaandnat.com/node_modules/home-or-tmp/package.json
39 verbose installManyTop reading scoped package data from /Users/nring/Projects/wedding/gloriaandnat.com/node_modules/iconv-lite/package.json
40 verbose installManyTop reading scoped package data from /Users/nring/Projects/wedding/gloriaandnat.com/node_modules/immutable/package.json
41 verbose installManyTop reading scoped package data from /Users/nring/Projects/wedding/gloriaandnat.com/node_modules/invariant/package.json
42 verbose installManyTop reading scoped package data from /Users/nring/Projects/wedding/gloriaandnat.com/node_modules/is-finite/package.json
43 verbose installManyTop reading scoped package data from /Users/nring/Projects/wedding/gloriaandnat.com/node_modules/is-in-browser/package.json
44 verbose installManyTop reading scoped package data from /Users/nring/Projects/wedding/gloriaandnat.com/node_modules/is-stream/package.json
45 verbose installManyTop reading scoped package data from /Users/nring/Projects/wedding/gloriaandnat.com/node_modules/isomorphic-fetch/package.json
46 verbose installManyTop reading scoped package data from /Users/nring/Projects/wedding/gloriaandnat.com/node_modules/js-tokens/package.json
47 verbose installManyTop reading scoped package data from /Users/nring/Projects/wedding/gloriaandnat.com/node_modules/jsesc/package.json
48 verbose installManyTop reading scoped package data from /Users/nring/Projects/wedding/gloriaandnat.com/node_modules/json5/package.json
49 verbose installManyTop reading scoped package data from /Users/nring/Projects/wedding/gloriaandnat.com/node_modules/jss/package.json
50 verbose installManyTop reading scoped package data from /Users/nring/Projects/wedding/gloriaandnat.com/node_modules/jss-camel-case/package.json
51 verbose installManyTop reading scoped package data from /Users/nring/Projects/wedding/gloriaandnat.com/node_modules/jss-nested/package.json
52 verbose installManyTop reading scoped package data from /Users/nring/Projects/wedding/gloriaandnat.com/node_modules/jss-px/package.json
53 verbose installManyTop reading scoped package data from /Users/nring/Projects/wedding/gloriaandnat.com/node_modules/jss-vendor-prefixer/package.json
54 verbose installManyTop reading scoped package data from /Users/nring/Projects/wedding/gloriaandnat.com/node_modules/lodash/package.json
55 verbose installManyTop reading scoped package data from /Users/nring/Projects/wedding/gloriaandnat.com/node_modules/loose-envify/package.json
56 verbose installManyTop reading scoped package data from /Users/nring/Projects/wedding/gloriaandnat.com/node_modules/minimatch/package.json
57 verbose installManyTop reading scoped package data from /Users/nring/Projects/wedding/gloriaandnat.com/node_modules/minimist/package.json
58 verbose installManyTop reading scoped package data from /Users/nring/Projects/wedding/gloriaandnat.com/node_modules/mkdirp/package.json
59 verbose installManyTop reading scoped package data from /Users/nring/Projects/wedding/gloriaandnat.com/node_modules/ms/package.json
60 verbose installManyTop reading scoped package data from /Users/nring/Projects/wedding/gloriaandnat.com/node_modules/nan/package.json
61 verbose installManyTop reading scoped package data from /Users/nring/Projects/wedding/gloriaandnat.com/node_modules/node-fetch/package.json
62 verbose installManyTop reading scoped package data from /Users/nring/Projects/wedding/gloriaandnat.com/node_modules/number-is-nan/package.json
63 verbose installManyTop reading scoped package data from /Users/nring/Projects/wedding/gloriaandnat.com/node_modules/object-assign/package.json
64 verbose installManyTop reading scoped package data from /Users/nring/Projects/wedding/gloriaandnat.com/node_modules/os-homedir/package.json
65 verbose installManyTop reading scoped package data from /Users/nring/Projects/wedding/gloriaandnat.com/node_modules/os-tmpdir/package.json
66 verbose installManyTop reading scoped package data from /Users/nring/Projects/wedding/gloriaandnat.com/node_modules/path-is-absolute/package.json
67 verbose installManyTop reading scoped package data from /Users/nring/Projects/wedding/gloriaandnat.com/node_modules/private/package.json
68 verbose installManyTop reading scoped package data from /Users/nring/Projects/wedding/gloriaandnat.com/node_modules/promise/package.json
69 verbose installManyTop reading scoped package data from /Users/nring/Projects/wedding/gloriaandnat.com/node_modules/query-string/package.json
70 verbose installManyTop reading scoped package data from /Users/nring/Projects/wedding/gloriaandnat.com/node_modules/react/package.json
71 verbose installManyTop reading scoped package data from /Users/nring/Projects/wedding/gloriaandnat.com/node_modules/react-addons-css-transition-group/package.json
72 verbose installManyTop reading scoped package data from /Users/nring/Projects/wedding/gloriaandnat.com/node_modules/react-dom/package.json
73 verbose installManyTop reading scoped package data from /Users/nring/Projects/wedding/gloriaandnat.com/node_modules/react-grid-gallery/package.json
74 verbose installManyTop reading scoped package data from /Users/nring/Projects/wedding/gloriaandnat.com/node_modules/react-images/package.json
75 verbose installManyTop reading scoped package data from /Users/nring/Projects/wedding/gloriaandnat.com/node_modules/react-jss/package.json
76 verbose installManyTop reading scoped package data from /Users/nring/Projects/wedding/gloriaandnat.com/node_modules/react-photo-gallery/package.json
77 verbose installManyTop reading scoped package data from /Users/nring/Projects/wedding/gloriaandnat.com/node_modules/react-router/package.json
78 verbose installManyTop reading scoped package data from /Users/nring/Projects/wedding/gloriaandnat.com/node_modules/react-scripts/package.json
79 verbose installManyTop reading scoped package data from /Users/nring/Projects/wedding/gloriaandnat.com/node_modules/regenerator-runtime/package.json
80 verbose installManyTop reading scoped package data from /Users/nring/Projects/wedding/gloriaandnat.com/node_modules/repeating/package.json
81 verbose installManyTop reading scoped package data from /Users/nring/Projects/wedding/gloriaandnat.com/node_modules/slash/package.json
82 verbose installManyTop reading scoped package data from /Users/nring/Projects/wedding/gloriaandnat.com/node_modules/source-map/package.json
83 verbose installManyTop reading scoped package data from /Users/nring/Projects/wedding/gloriaandnat.com/node_modules/source-map-support/package.json
84 verbose installManyTop reading scoped package data from /Users/nring/Projects/wedding/gloriaandnat.com/node_modules/strict-uri-encode/package.json
85 verbose installManyTop reading scoped package data from /Users/nring/Projects/wedding/gloriaandnat.com/node_modules/strip-ansi/package.json
86 verbose installManyTop reading scoped package data from /Users/nring/Projects/wedding/gloriaandnat.com/node_modules/supports-color/package.json
87 verbose installManyTop reading scoped package data from /Users/nring/Projects/wedding/gloriaandnat.com/node_modules/to-fast-properties/package.json
88 verbose installManyTop reading scoped package data from /Users/nring/Projects/wedding/gloriaandnat.com/node_modules/ua-parser-js/package.json
89 verbose installManyTop reading scoped package data from /Users/nring/Projects/wedding/gloriaandnat.com/node_modules/warning/package.json
90 verbose installManyTop reading scoped package data from /Users/nring/Projects/wedding/gloriaandnat.com/node_modules/whatwg-fetch/package.json
91 info package.json hoist-non-react-statics@1.2.0 No license field.
92 info package.json esutils@2.0.2 No license field.
93 verbose readDependencies loading dependencies from /Users/nring/Projects/wedding/gloriaandnat.com/package.json
94 silly cache add args [ 'basicmodal', null ]
95 verbose cache add spec basicmodal
96 silly cache add parsed spec Result {
96 silly cache add   raw: 'basicmodal',
96 silly cache add   scope: null,
96 silly cache add   name: 'basicmodal',
96 silly cache add   rawSpec: '',
96 silly cache add   spec: 'latest',
96 silly cache add   type: 'tag' }
97 silly addNamed basicmodal@latest
98 verbose addNamed "latest" is being treated as a dist-tag for basicmodal
99 info addNameTag [ 'basicmodal', 'latest' ]
100 silly mapToRegistry name basicmodal
101 silly mapToRegistry using default registry
102 silly mapToRegistry registry https://registry.npmjs.org/
103 silly mapToRegistry data Result {
103 silly mapToRegistry   raw: 'basicmodal',
103 silly mapToRegistry   scope: null,
103 silly mapToRegistry   name: 'basicmodal',
103 silly mapToRegistry   rawSpec: '',
103 silly mapToRegistry   spec: 'latest',
103 silly mapToRegistry   type: 'tag' }
104 silly mapToRegistry uri https://registry.npmjs.org/basicmodal
105 verbose addNameTag registry:https://registry.npmjs.org/basicmodal not in flight; fetching
106 verbose request uri https://registry.npmjs.org/basicmodal
107 verbose request no auth needed
108 info attempt registry request try #1 at 8:08:23 PM
109 verbose request id 8223b7795ca475fd
110 verbose etag W/"583872d9-7ed9"
111 verbose lastModified Fri, 25 Nov 2016 17:20:25 GMT
112 http request GET https://registry.npmjs.org/basicmodal
113 http 304 https://registry.npmjs.org/basicmodal
114 verbose headers { date: 'Sat, 31 Dec 2016 01:08:23 GMT',
114 verbose headers   via: '1.1 varnish',
114 verbose headers   'cache-control': 'max-age=300',
114 verbose headers   etag: 'W/"583872d9-7ed9"',
114 verbose headers   age: '73',
114 verbose headers   connection: 'keep-alive',
114 verbose headers   'x-served-by': 'cache-bos8227-BOS',
114 verbose headers   'x-cache': 'HIT',
114 verbose headers   'x-cache-hits': '1',
114 verbose headers   'x-timer': 'S1483146503.858473,VS0,VE0',
114 verbose headers   vary: 'Accept-Encoding' }
115 silly get cb [ 304,
115 silly get   { date: 'Sat, 31 Dec 2016 01:08:23 GMT',
115 silly get     via: '1.1 varnish',
115 silly get     'cache-control': 'max-age=300',
115 silly get     etag: 'W/"583872d9-7ed9"',
115 silly get     age: '73',
115 silly get     connection: 'keep-alive',
115 silly get     'x-served-by': 'cache-bos8227-BOS',
115 silly get     'x-cache': 'HIT',
115 silly get     'x-cache-hits': '1',
115 silly get     'x-timer': 'S1483146503.858473,VS0,VE0',
115 silly get     vary: 'Accept-Encoding' } ]
116 verbose etag https://registry.npmjs.org/basicmodal from cache
117 verbose get saving basicmodal to /Users/nring/.npm/registry.npmjs.org/basicmodal/.cache.json
118 verbose correctMkdir /Users/nring/.npm correctMkdir not in flight; initializing
119 silly addNameTag next cb for basicmodal with tag latest
120 silly addNamed basicmodal@3.3.8
121 verbose addNamed "3.3.8" is a plain semver version for basicmodal
122 silly cache afterAdd basicmodal@3.3.8
123 verbose afterAdd /Users/nring/.npm/basicmodal/3.3.8/package/package.json not in flight; writing
124 verbose correctMkdir /Users/nring/.npm correctMkdir not in flight; initializing
125 verbose afterAdd /Users/nring/.npm/basicmodal/3.3.8/package/package.json written
126 silly install resolved [ { name: 'basicmodal',
126 silly install resolved     moduleName: 'basicModal',
126 silly install resolved     version: '3.3.8',
126 silly install resolved     authors: [ 'Tobias Reich <tobias@electerious.com>' ],
126 silly install resolved     description: 'Easy-to-use modal window for your website or webapp',
126 silly install resolved     main: 'dist/basicModal.min.js',
126 silly install resolved     keywords: [ 'modal', 'js', 'window', 'popup' ],
126 silly install resolved     scripts: { start: 'gulp watch', compile: 'gulp' },
126 silly install resolved     license: 'MIT',
126 silly install resolved     homepage: 'https://basicmodal.electerious.com',
126 silly install resolved     repository:
126 silly install resolved      { type: 'git',
126 silly install resolved        url: 'git+https://github.com/electerious/basicModal.git' },
126 silly install resolved     files: [ 'dist', 'src' ],
126 silly install resolved     devDependencies: { '@electerious/basictasks': '2.0.0', gulp: '^3.9.1' },
126 silly install resolved     gitHead: 'd0301a548586d436e2063b5df4eee5eb21e5cae0',
126 silly install resolved     bugs: { url: 'https://github.com/electerious/basicModal/issues' },
126 silly install resolved     _id: 'basicmodal@3.3.8',
126 silly install resolved     _shasum: '1a71a4962d344edec599570811419d7411f126f7',
126 silly install resolved     _from: 'basicmodal@latest',
126 silly install resolved     _npmVersion: '3.10.9',
126 silly install resolved     _nodeVersion: '6.7.0',
126 silly install resolved     _npmUser: { name: 'electerious', email: 'tobias@electerious.com' },
126 silly install resolved     dist:
126 silly install resolved      { shasum: '1a71a4962d344edec599570811419d7411f126f7',
126 silly install resolved        tarball: 'https://registry.npmjs.org/basicmodal/-/basicmodal-3.3.8.tgz' },
126 silly install resolved     maintainers: [ [Object] ],
126 silly install resolved     _npmOperationalInternal:
126 silly install resolved      { host: 'packages-12-west.internal.npmjs.com',
126 silly install resolved        tmp: 'tmp/basicmodal-3.3.8.tgz_1480094423339_0.312984082615003' },
126 silly install resolved     directories: {},
126 silly install resolved     _resolved: 'https://registry.npmjs.org/basicmodal/-/basicmodal-3.3.8.tgz',
126 silly install resolved     readme: 'ERROR: No README data found!' } ]
127 info install basicmodal@3.3.8 into /Users/nring/Projects/wedding/gloriaandnat.com
128 info installOne basicmodal@3.3.8
129 verbose installOne of basicmodal to /Users/nring/Projects/wedding/gloriaandnat.com not in flight; installing
130 verbose correctMkdir /Users/nring/.npm/_locks correctMkdir not in flight; initializing
131 verbose lock using /Users/nring/.npm/_locks/basicmodal-403a4174d926808e.lock for /Users/nring/Projects/wedding/gloriaandnat.com/node_modules/basicmodal
132 silly install write writing basicmodal 3.3.8 to /Users/nring/Projects/wedding/gloriaandnat.com/node_modules/basicmodal
133 verbose unbuild node_modules/basicmodal
134 silly gentlyRm /Users/nring/Projects/wedding/gloriaandnat.com/node_modules/basicmodal is being purged from base /Users/nring/Projects/wedding/gloriaandnat.com
135 verbose gentlyRm don't care about contents; nuking /Users/nring/Projects/wedding/gloriaandnat.com/node_modules/basicmodal
136 verbose tar unpack /Users/nring/.npm/basicmodal/3.3.8/package.tgz
137 verbose tar unpacking to /Users/nring/Projects/wedding/gloriaandnat.com/node_modules/basicmodal
138 silly gentlyRm /Users/nring/Projects/wedding/gloriaandnat.com/node_modules/basicmodal is being purged
139 verbose gentlyRm don't care about contents; nuking /Users/nring/Projects/wedding/gloriaandnat.com/node_modules/basicmodal
140 silly gunzTarPerm modes [ '755', '644' ]
141 silly gunzTarPerm extractEntry package.json
142 silly gunzTarPerm extractEntry README.md
143 silly gunzTarPerm extractEntry LICENSE
144 silly gunzTarPerm modified mode [ 'LICENSE', 436, 420 ]
145 silly gunzTarPerm extractEntry dist/basicModal.min.js
146 silly gunzTarPerm extractEntry dist/basicModal.min.css
147 silly gunzTarPerm extractEntry src/images/close.svg
148 silly gunzTarPerm extractEntry src/scripts/main.js
149 silly gunzTarPerm extractEntry src/styles/_animations.scss
150 silly gunzTarPerm extractEntry src/styles/_container.scss
151 silly gunzTarPerm extractEntry src/styles/_modal.scss
152 silly gunzTarPerm extractEntry src/styles/_vars.scss
153 silly gunzTarPerm extractEntry src/styles/components/_button.scss
154 silly gunzTarPerm extractEntry src/styles/components/_input.scss
155 silly gunzTarPerm extractEntry src/styles/components/_text.scss
156 silly gunzTarPerm extractEntry src/styles/main.scss
157 silly gunzTarPerm extractEntry src/styles/themes/_small.scss
158 silly gunzTarPerm extractEntry src/styles/themes/_xclose.scss
159 verbose write writing to /Users/nring/Projects/wedding/gloriaandnat.com/node_modules/basicmodal/package.json
160 info preinstall basicmodal@3.3.8
161 verbose readDependencies loading dependencies from /Users/nring/Projects/wedding/gloriaandnat.com/node_modules/basicmodal/package.json
162 verbose readDependencies loading dependencies from /Users/nring/Projects/wedding/gloriaandnat.com/node_modules/basicmodal/package.json
163 silly install resolved []
164 verbose about to build /Users/nring/Projects/wedding/gloriaandnat.com/node_modules/basicmodal
165 info build /Users/nring/Projects/wedding/gloriaandnat.com/node_modules/basicmodal
166 info linkStuff basicmodal@3.3.8
167 silly linkStuff basicmodal@3.3.8 has /Users/nring/Projects/wedding/gloriaandnat.com/node_modules as its parent node_modules
168 verbose linkBins basicmodal@3.3.8
169 verbose linkMans basicmodal@3.3.8
170 verbose rebuildBundles basicmodal@3.3.8
171 info install basicmodal@3.3.8
172 info postinstall basicmodal@3.3.8
173 verbose unlock done using /Users/nring/.npm/_locks/basicmodal-403a4174d926808e.lock for /Users/nring/Projects/wedding/gloriaandnat.com/node_modules/basicmodal
174 verbose validateInstall loading /Users/nring/Projects/wedding/gloriaandnat.com/package.json for validation
175 verbose stack Error: The package react@15.3.2 does not satisfy its siblings' peerDependencies requirements!
175 verbose stack     at /Users/nring/.nvm/versions/node/v4.4.7/lib/node_modules/npm/lib/install.js:125:32
175 verbose stack     at /Users/nring/.nvm/versions/node/v4.4.7/lib/node_modules/npm/lib/install.js:268:7
175 verbose stack     at /Users/nring/.nvm/versions/node/v4.4.7/lib/node_modules/npm/node_modules/read-installed/read-installed.js:142:5
175 verbose stack     at /Users/nring/.nvm/versions/node/v4.4.7/lib/node_modules/npm/node_modules/read-installed/read-installed.js:263:14
175 verbose stack     at cb (/Users/nring/.nvm/versions/node/v4.4.7/lib/node_modules/npm/node_modules/slide/lib/async-map.js:47:24)
175 verbose stack     at /Users/nring/.nvm/versions/node/v4.4.7/lib/node_modules/npm/node_modules/read-installed/read-installed.js:263:14
175 verbose stack     at cb (/Users/nring/.nvm/versions/node/v4.4.7/lib/node_modules/npm/node_modules/slide/lib/async-map.js:47:24)
175 verbose stack     at /Users/nring/.nvm/versions/node/v4.4.7/lib/node_modules/npm/node_modules/read-installed/read-installed.js:263:14
175 verbose stack     at cb (/Users/nring/.nvm/versions/node/v4.4.7/lib/node_modules/npm/node_modules/slide/lib/async-map.js:47:24)
175 verbose stack     at /Users/nring/.nvm/versions/node/v4.4.7/lib/node_modules/npm/node_modules/read-installed/read-installed.js:263:14
176 verbose cwd /Users/nring/Projects/wedding/gloriaandnat.com
177 error Darwin 16.1.0
178 error argv "/Users/nring/.nvm/versions/node/v4.4.7/bin/node" "/Users/nring/.nvm/versions/node/v4.4.7/bin/npm" "install" "basicmodal" "--save-dev"
179 error node v4.4.7
180 error npm  v2.15.8
181 error code EPEERINVALID
182 error peerinvalid The package react@15.3.2 does not satisfy its siblings' peerDependencies requirements!
182 error peerinvalid Peer react-dom@15.3.2 wants react@^15.3.2
182 error peerinvalid Peer react-photo-gallery@4.2.14 wants react@~15.3.0
182 error peerinvalid Peer react-router@3.0.0 wants react@^0.14.0 || ^15.0.0
182 error peerinvalid Peer react-addons-css-transition-group@15.4.0 wants react@^15.4.0
182 error peerinvalid Peer react-images@0.4.11 wants react@^0.14 || ^15.0
182 error peerinvalid Peer react-jss@2.1.1 wants react@>=0.13
183 verbose exit [ 1, true ]
